<?xml version="1.0" encoding="UTF-8"?>
<testsuite name="gottlieb.covidTracker.CovidTrackerServiceTest" tests="1" skipped="0" failures="0" errors="0" timestamp="2020-05-10T23:48:49" hostname="Mindys-MBP" time="0.822">
  <properties/>
  <testcase name="getSpecifiedCountry" classname="gottlieb.covidTracker.CovidTrackerServiceTest" time="0.822"/>
  <system-out><![CDATA[United States of America
]]></system-out>
  <system-err><![CDATA[]]></system-err>
</testsuite>
